[14:52:13] [run] Iniciando com parâmetros: tamanhoimplemento=400.0, save_to_folder=True, output_path=C:/Users/LINES-COLAB/Desktop/Nova pasta/LIXO217.shp
[14:52:13] [run] Camada resolvida: c.kml
[14:52:13] [run] CRS é EPSG:4326, ajustando tamanhoimplemento
[14:52:13] [run] Tipo da camada: LineString
[14:52:13] [run] Explodindo linhas (features: 1)
[14:52:13] [run] Linhas explodidas: 15864 features
[14:52:13] [run] Gerando buffer com distance=0.0017998560115190785
[14:52:13] [run] Buffer gerado: 15864 features
[14:52:14] [run] Camada materializada: 15864 features
[14:52:14] [run] Salvando em disco: C:/Users/LINES-COLAB/Desktop/Nova pasta/LIXO217.shp
[14:52:14] [run] Arquivo existe, solicitando overwrite
[14:52:15] [run] Decisão do usuário: overwrite
[14:52:15] [run] Resultado do save_layer2: C:\Users\LINES-COLAB\Desktop\Nova pasta\LIXO217.shp
[14:52:15] [run] QgsVectorLayer criada: True
[14:52:15] [run] Camada 'LIXO217' adicionada ao projeto com sucesso
[14:52:17] [run] Iniciando com parâmetros: tamanhoimplemento=400.0, save_to_folder=True, output_path=C:/Users/LINES-COLAB/Desktop/Nova pasta/LIXO217.shp
[14:52:17] [run] Camada resolvida: c.kml
[14:52:17] [run] CRS é EPSG:4326, ajustando tamanhoimplemento
[14:52:17] [run] Tipo da camada: LineString
[14:52:17] [run] Explodindo linhas (features: 1)
[14:52:17] [run] Linhas explodidas: 15864 features
[14:52:17] [run] Gerando buffer com distance=0.0017998560115190785
[14:52:17] [run] Buffer gerado: 15864 features
[14:52:17] [run] Camada materializada: 15864 features
[14:52:17] [run] Salvando em disco: C:/Users/LINES-COLAB/Desktop/Nova pasta/LIXO217.shp
[14:52:17] [run] Arquivo existe, solicitando overwrite
[14:52:18] [run] Decisão do usuário: overwrite
[14:52:18] [run] Resultado do save_layer2: None
[14:52:18] [run] Erro ao salvar: saved_path=None, output_path=C:/Users/LINES-COLAB/Desktop/Nova pasta/LIXO217.shp, decision=overwrite
[14:54:48] [run] Iniciando com parâmetros: tamanhoimplemento=400.0, save_to_folder=True, output_path=C:/Users/LINES-COLAB/Desktop/Nova pasta/LIXO217.shp
[14:54:48] [run] Camada resolvida: c.kml
[14:54:48] [run] CRS é EPSG:4326, ajustando tamanhoimplemento
[14:54:48] [run] Tipo da camada: LineString
[14:54:48] [run] Explodindo linhas (features: 1)
[14:54:48] [run] Linhas explodidas: 15864 features
[14:54:48] [run] Gerando buffer com distance=0.0017998560115190785
[14:54:48] [run] Buffer gerado: 15864 features
[14:54:48] [run] Camada materializada: 15864 features
[14:54:48] [run] Salvando em disco: C:/Users/LINES-COLAB/Desktop/Nova pasta/LIXO217.shp
[14:54:48] [run] Arquivo existe, solicitando overwrite
[14:54:49] [run] Decisão do usuário: overwrite
[14:54:49] [run] Resultado do save_layer2: None
[14:54:49] [run] Erro ao salvar: saved_path=None, output_path=C:/Users/LINES-COLAB/Desktop/Nova pasta/LIXO217.shp, decision=overwrite
[14:54:51] [run] Iniciando com parâmetros: tamanhoimplemento=400.0, save_to_folder=True, output_path=C:/Users/LINES-COLAB/Desktop/Nova pasta/LIXO217.shp
[14:54:51] [run] Camada resolvida: c.kml
[14:54:51] [run] CRS é EPSG:4326, ajustando tamanhoimplemento
[14:54:51] [run] Tipo da camada: LineString
[14:54:51] [run] Explodindo linhas (features: 1)
[14:54:51] [run] Linhas explodidas: 15864 features
[14:54:51] [run] Gerando buffer com distance=0.0017998560115190785
[14:54:51] [run] Buffer gerado: 15864 features
[14:54:51] [run] Camada materializada: 15864 features
[14:54:51] [run] Salvando em disco: C:/Users/LINES-COLAB/Desktop/Nova pasta/LIXO217.shp
[14:54:51] [run] Arquivo existe, solicitando overwrite
[14:54:52] [run] Decisão do usuário: overwrite
[14:54:52] [run] Resultado do save_layer2: None
[14:54:52] [run] Erro ao salvar: saved_path=None, output_path=C:/Users/LINES-COLAB/Desktop/Nova pasta/LIXO217.shp, decision=overwrite
