[14:52:15] save_layer chamado → C:/Users/LINES-COLAB/Desktop/Nova pasta/LIXO217.shp
[14:52:15] Driver: ESRI Shapefile
[14:52:15] CRS: EPSG:4326
[14:52:15] Features: 15864
[14:52:15] Usando writeAsVectorFormatV3
[14:52:15] Arquivo salvo com sucesso: C:\Users\LINES-COLAB\Desktop\Nova pasta\LIXO217.shp
[14:52:18] save_layer chamado → C:/Users/LINES-COLAB/Desktop/Nova pasta/LIXO217.shp
[14:52:18] Driver: ESRI Shapefile
[14:52:18] CRS: EPSG:4326
[14:52:18] Features: 15864
[14:52:18] Usando writeAsVectorFormatV3
[14:52:18] ERRO AO SALVAR (2): Criação da fonte de dados falhou (erro OGR: C:\Users\LINES-COLAB\Desktop\Nova pasta\LIXO217.shp is not a directory.)
[14:54:49] save_layer chamado → C:/Users/LINES-COLAB/Desktop/Nova pasta/LIXO217.shp
[14:54:49] Driver: ESRI Shapefile
[14:54:49] CRS: EPSG:4326
[14:54:49] Features: 15864
[14:54:49] Usando writeAsVectorFormatV3
[14:54:49] ERRO AO SALVAR (2): Criação da fonte de dados falhou (erro OGR: C:\Users\LINES-COLAB\Desktop\Nova pasta\LIXO217.shp is not a directory.)
[14:54:52] save_layer chamado → C:/Users/LINES-COLAB/Desktop/Nova pasta/LIXO217.shp
[14:54:52] Driver: ESRI Shapefile
[14:54:52] CRS: EPSG:4326
[14:54:52] Features: 15864
[14:54:52] Usando writeAsVectorFormatV3
[14:54:52] ERRO AO SALVAR (2): Criação da fonte de dados falhou (erro OGR: C:\Users\LINES-COLAB\Desktop\Nova pasta\LIXO217.shp is not a directory.)
[14:57:47] save_layer chamado → C:/Users/LINES-COLAB/Desktop/Nova pasta/LIXO217.shp
[14:57:47] Driver: ESRI Shapefile
[14:57:47] CRS: EPSG:4326
[14:57:47] Features: 15864
[14:57:47] Usando writeAsVectorFormatV3
[14:57:47] Arquivo salvo com sucesso: C:\Users\LINES-COLAB\Desktop\Nova pasta\LIXO217.shp
[14:57:52] save_layer chamado → C:/Users/LINES-COLAB/Desktop/Nova pasta/LIXO217.shp
[14:57:52] Driver: ESRI Shapefile
[14:57:52] CRS: EPSG:4326
[14:57:52] Features: 15864
[14:57:52] Usando writeAsVectorFormatV3
[14:57:52] Arquivo salvo com sucesso: C:\Users\LINES-COLAB\Desktop\Nova pasta\LIXO217.shp
[14:57:55] save_layer chamado → C:/Users/LINES-COLAB/Desktop/Nova pasta/LIXO217.shp
[14:57:55] Driver: ESRI Shapefile
[14:57:55] CRS: EPSG:4326
[14:57:55] Features: 15864
[14:57:55] Usando writeAsVectorFormatV3
[14:57:56] Arquivo salvo com sucesso: C:\Users\LINES-COLAB\Desktop\Nova pasta\LIXO217.shp
[14:58:00] save_layer chamado → C:/Users/LINES-COLAB/Desktop/Nova pasta/LIXO217.shp
[14:58:00] Driver: ESRI Shapefile
[14:58:00] CRS: EPSG:4326
[14:58:00] Features: 15864
[14:58:00] Usando writeAsVectorFormatV3
[14:58:01] Arquivo salvo com sucesso: C:\Users\LINES-COLAB\Desktop\Nova pasta\LIXO217.shp
[14:58:07] save_layer chamado → C:/Users/LINES-COLAB/Desktop/Nova pasta/LIXO217.kml
[14:58:07] Driver: KML
[14:58:07] CRS: EPSG:4326
[14:58:07] Features: 15864
[14:58:07] Usando writeAsVectorFormatV3
[14:58:08] Arquivo salvo com sucesso: C:\Users\LINES-COLAB\Desktop\Nova pasta\LIXO217.kml
[14:58:13] save_layer chamado → C:/Users/LINES-COLAB/Desktop/Nova pasta/LIXO217.kml
[14:58:13] Driver: KML
[14:58:13] CRS: EPSG:4326
[14:58:13] Features: 15864
[14:58:13] Usando writeAsVectorFormatV3
[14:58:14] Arquivo salvo com sucesso: C:\Users\LINES-COLAB\Desktop\Nova pasta\LIXO217.kml
[14:58:22] save_layer chamado → C:/Users/LINES-COLAB/Desktop/Nova pasta/LIXO217.gpkg
[14:58:22] Driver: GPKG
[14:58:22] CRS: EPSG:4326
[14:58:22] Features: 15864
[14:58:22] Usando writeAsVectorFormatV3
[14:58:22] Arquivo salvo com sucesso: C:\Users\LINES-COLAB\Desktop\Nova pasta\LIXO217.gpkg
[14:58:26] save_layer chamado → C:/Users/LINES-COLAB/Desktop/Nova pasta/LIXO217.gpkg
[14:58:26] Driver: GPKG
[14:58:26] CRS: EPSG:4326
[14:58:26] Features: 15864
[14:58:26] Usando writeAsVectorFormatV3
[14:58:26] Arquivo salvo com sucesso: C:\Users\LINES-COLAB\Desktop\Nova pasta\LIXO217.gpkg
[14:58:30] save_layer chamado → C:/Users/LINES-COLAB/Desktop/Nova pasta/LIXO217.gpkg
[14:58:30] Driver: GPKG
[14:58:30] CRS: EPSG:4326
[14:58:30] Features: 15864
[14:58:30] Usando writeAsVectorFormatV3
[14:58:30] Arquivo salvo com sucesso: C:\Users\LINES-COLAB\Desktop\Nova pasta\LIXO217.gpkg
[14:58:39] save_layer chamado → C:/Users/LINES-COLAB/Desktop/Nova pasta/LIXO217.geojson
[14:58:39] Driver: GeoJSON
[14:58:39] CRS: EPSG:4326
[14:58:39] Features: 15864
[14:58:39] Usando writeAsVectorFormatV3
[14:58:40] Arquivo salvo com sucesso: C:\Users\LINES-COLAB\Desktop\Nova pasta\LIXO217.geojson
[14:58:45] save_layer chamado → C:/Users/LINES-COLAB/Desktop/Nova pasta/LIXO217.geojson
[14:58:45] Driver: GeoJSON
[14:58:45] CRS: EPSG:4326
[14:58:45] Features: 15864
[14:58:45] Usando writeAsVectorFormatV3
[14:58:45] ERRO AO SALVAR (2): Criação da fonte de dados falhou (erro OGR: The GeoJSON driver does not overwrite existing files.)
[14:58:50] save_layer chamado → C:/Users/LINES-COLAB/Desktop/Nova pasta/LIXO217.geojson
[14:58:50] Driver: GeoJSON
[14:58:50] CRS: EPSG:4326
[14:58:50] Features: 15864
[14:58:50] Usando writeAsVectorFormatV3
[14:58:51] Arquivo salvo com sucesso: C:\Users\LINES-COLAB\Desktop\Nova pasta\LIXO217.geojson
[14:58:53] save_layer chamado → C:/Users/LINES-COLAB/Desktop/Nova pasta/LIXO217.geojson
[14:58:53] Driver: GeoJSON
[14:58:53] CRS: EPSG:4326
[14:58:53] Features: 15864
[14:58:53] Usando writeAsVectorFormatV3
[14:58:53] ERRO AO SALVAR (2): Criação da fonte de dados falhou (erro OGR: The GeoJSON driver does not overwrite existing files.)
[14:58:55] save_layer chamado → C:/Users/LINES-COLAB/Desktop/Nova pasta/LIXO217.geojson
[14:58:55] Driver: GeoJSON
[14:58:55] CRS: EPSG:4326
[14:58:55] Features: 15864
[14:58:55] Usando writeAsVectorFormatV3
[14:58:56] Arquivo salvo com sucesso: C:\Users\LINES-COLAB\Desktop\Nova pasta\LIXO217.geojson
[14:59:16] save_layer chamado → C:/Users/LINES-COLAB/Desktop/Nova pasta/#LIXO217.geojson
[14:59:16] Driver: GeoJSON
[14:59:16] CRS: EPSG:4326
[14:59:16] Features: 15864
[14:59:16] Usando writeAsVectorFormatV3
[14:59:17] Arquivo salvo com sucesso: C:\Users\LINES-COLAB\Desktop\Nova pasta\#LIXO217.geojson
[15:01:39] save_layer chamado → C:/Users/LINES-COLAB/Desktop/Nova pasta/#LIXO217.geojson
[15:01:39] Driver: GeoJSON
[15:01:39] CRS: EPSG:4326
[15:01:39] Features: 15864
[15:01:39] Usando writeAsVectorFormatV3
[15:01:39] ERRO AO SALVAR (2): Criação da fonte de dados falhou (erro OGR: The GeoJSON driver does not overwrite existing files.)
[15:01:42] save_layer chamado → C:/Users/LINES-COLAB/Desktop/Nova pasta/#LIXO217.geojson
[15:01:42] Driver: GeoJSON
[15:01:42] CRS: EPSG:4326
[15:01:42] Features: 15864
[15:01:42] Usando writeAsVectorFormatV3
[15:01:43] Arquivo salvo com sucesso: C:\Users\LINES-COLAB\Desktop\Nova pasta\#LIXO217.geojson
[15:01:46] save_layer chamado → C:/Users/LINES-COLAB/Desktop/Nova pasta/#LIXO217.geojson
[15:01:46] Driver: GeoJSON
[15:01:46] CRS: EPSG:4326
[15:01:46] Features: 15864
[15:01:46] Usando writeAsVectorFormatV3
[15:01:46] ERRO AO SALVAR (2): Criação da fonte de dados falhou (erro OGR: The GeoJSON driver does not overwrite existing files.)
[15:01:49] save_layer chamado → C:/Users/LINES-COLAB/Desktop/Nova pasta/#LIXO217.geojson
[15:01:49] Driver: GeoJSON
[15:01:49] CRS: EPSG:4326
[15:01:49] Features: 15864
[15:01:49] Usando writeAsVectorFormatV3
[15:01:50] Arquivo salvo com sucesso: C:\Users\LINES-COLAB\Desktop\Nova pasta\#LIXO217.geojson
[15:22:27] save_layer chamado → C:/Users/LINES-COLAB/Desktop/Nova pasta/#LIXO217.geojson
[15:22:27] Driver: GeoJSON
[15:22:27] CRS: EPSG:4326
[15:22:27] Features: 15864
[15:22:27] Usando writeAsVectorFormatV3
[15:22:28] Arquivo salvo com sucesso: C:\Users\LINES-COLAB\Desktop\Nova pasta\#LIXO217.geojson
[15:25:42] save_layer chamado → C:/Users/LINES-COLAB/Desktop/Nova pasta/#LIXO217.geojson
[15:25:42] Driver: GeoJSON
[15:25:42] CRS: EPSG:4326
[15:25:42] Features: 15864
[15:25:42] Usando writeAsVectorFormatV3
[15:25:43] Arquivo salvo com sucesso: C:\Users\LINES-COLAB\Desktop\Nova pasta\#LIXO217.geojson
[15:30:31] save_layer chamado → C:/Users/LINES-COLAB/Desktop/Nova pasta/#LIXO217.shp
[15:30:31] Driver: ESRI Shapefile
[15:30:31] CRS: EPSG:4326
[15:30:31] Features: 15864
[15:30:31] Usando writeAsVectorFormatV3
[15:30:31] Arquivo salvo com sucesso: C:\Users\LINES-COLAB\Desktop\Nova pasta\#LIXO217.shp
[15:30:34] save_layer chamado → C:/Users/LINES-COLAB/Desktop/Nova pasta/#LIXO217.shp
[15:30:34] Driver: ESRI Shapefile
[15:30:34] CRS: EPSG:4326
[15:30:34] Features: 15864
[15:30:34] Usando writeAsVectorFormatV3
[15:30:34] Arquivo salvo com sucesso: C:\Users\LINES-COLAB\Desktop\Nova pasta\#LIXO217.shp
[15:37:33] save_layer chamado → C:/Users/LINES-COLAB/Desktop/Nova pasta/#LIXO217.shp
[15:37:33] Driver: ESRI Shapefile
[15:37:33] CRS: EPSG:4326
[15:37:33] Features: 15864
[15:37:33] Usando writeAsVectorFormatV3
[15:37:33] Arquivo salvo com sucesso: C:\Users\LINES-COLAB\Desktop\Nova pasta\#LIXO217.shp
[15:47:01] save_layer chamado → C:/Users/LINES-COLAB/Desktop/Nova pasta/#LIXO217.shp
[15:47:01] Driver: ESRI Shapefile
[15:47:01] CRS: EPSG:4326
[15:47:01] Features: 15864
[15:47:01] Usando writeAsVectorFormatV3
[15:47:01] ERRO AO SALVAR (2): Criação da fonte de dados falhou (erro OGR: C:\Users\LINES-COLAB\Desktop\Nova pasta\#LIXO217.shp is not a directory.)
[15:47:07] save_layer chamado → C:/Users/LINES-COLAB/Desktop/Nova pasta/#LIXO217.shp
[15:47:07] Driver: ESRI Shapefile
[15:47:07] CRS: EPSG:4326
[15:47:07] Features: 15864
[15:47:07] Usando writeAsVectorFormatV3
[15:47:07] Arquivo salvo com sucesso: C:\Users\LINES-COLAB\Desktop\Nova pasta\#LIXO217.shp
[15:48:06] save_layer chamado → C:/Users/LINES-COLAB/Desktop/Nova pasta/#LIXO217.shp
[15:48:06] Driver: ESRI Shapefile
[15:48:06] CRS: EPSG:4326
[15:48:06] Features: 15864
[15:48:06] Usando writeAsVectorFormatV3
[15:48:06] Arquivo salvo com sucesso: C:\Users\LINES-COLAB\Desktop\Nova pasta\#LIXO217.shp
[15:48:09] save_layer chamado → C:/Users/LINES-COLAB/Desktop/Nova pasta/#LIXO217.shp
[15:48:09] Driver: ESRI Shapefile
[15:48:09] CRS: EPSG:4326
[15:48:09] Features: 15864
[15:48:09] Usando writeAsVectorFormatV3
[15:48:09] Arquivo salvo com sucesso: C:\Users\LINES-COLAB\Desktop\Nova pasta\#LIXO217.shp
[16:05:31] save_layer chamado → C:/Users/LINES-COLAB/Desktop/Nova pasta/#LIXO217.shp
[16:05:31] Driver: ESRI Shapefile
[16:05:31] CRS: EPSG:4326
[16:05:31] Features: 15864
[16:05:31] Usando writeAsVectorFormatV3
[16:05:31] Arquivo salvo com sucesso: C:\Users\LINES-COLAB\Desktop\Nova pasta\#LIXO217.shp
[16:08:24] save_layer chamado → C:/Users/LINES-COLAB/Desktop/Nova pasta/#LIXO217.shp
[16:08:24] Driver: ESRI Shapefile
[16:08:24] CRS: EPSG:4326
[16:08:24] Features: 15864
[16:08:24] Usando writeAsVectorFormatV3
[16:08:24] ERRO AO SALVAR (2): Criação da fonte de dados falhou (erro OGR: C:\Users\LINES-COLAB\Desktop\Nova pasta\#LIXO217.shp is not a directory.)
[16:08:30] save_layer chamado → C:/Users/LINES-COLAB/Desktop/Nova pasta/#LIXO217.shp
[16:08:30] Driver: ESRI Shapefile
[16:08:30] CRS: EPSG:4326
[16:08:30] Features: 15864
[16:08:30] Usando writeAsVectorFormatV3
[16:08:30] Arquivo salvo com sucesso: C:\Users\LINES-COLAB\Desktop\Nova pasta\#LIXO217.shp
[16:08:33] save_layer chamado → C:/Users/LINES-COLAB/Desktop/Nova pasta/#LIXO217.shp
[16:08:33] Driver: ESRI Shapefile
[16:08:33] CRS: EPSG:4326
[16:08:33] Features: 15864
[16:08:33] Usando writeAsVectorFormatV3
[16:08:33] ERRO AO SALVAR (2): Criação da fonte de dados falhou (erro OGR: C:\Users\LINES-COLAB\Desktop\Nova pasta\#LIXO217.shp is not a directory.)
[16:19:31] save_layer chamado → C:/Users/LINES-COLAB/Desktop/Nova pasta/#LIXO217.shp
[16:19:31] Driver: ESRI Shapefile
[16:19:31] CRS: EPSG:4326
[16:19:31] Features: 15864
[16:19:31] Usando writeAsVectorFormatV3
[16:19:31] Arquivo salvo com sucesso: C:\Users\LINES-COLAB\Desktop\Nova pasta\#LIXO217.shp
[16:19:33] save_layer chamado → C:/Users/LINES-COLAB/Desktop/Nova pasta/#LIXO217.shp
[16:19:33] Driver: ESRI Shapefile
[16:19:33] CRS: EPSG:4326
[16:19:33] Features: 15864
[16:19:33] Usando writeAsVectorFormatV3
[16:19:33] ERRO AO SALVAR (2): Criação da fonte de dados falhou (erro OGR: C:\Users\LINES-COLAB\Desktop\Nova pasta\#LIXO217.shp is not a directory.)
[16:19:36] save_layer chamado → C:/Users/LINES-COLAB/Desktop/Nova pasta/#LIXO217.shp
[16:19:36] Driver: ESRI Shapefile
[16:19:36] CRS: EPSG:4326
[16:19:36] Features: 15864
[16:19:36] Usando writeAsVectorFormatV3
[16:19:37] Arquivo salvo com sucesso: C:\Users\LINES-COLAB\Desktop\Nova pasta\#LIXO217.shp
[16:19:40] save_layer chamado → C:/Users/LINES-COLAB/Desktop/Nova pasta/#LIXO217.shp
[16:19:40] Driver: ESRI Shapefile
[16:19:40] CRS: EPSG:4326
[16:19:40] Features: 15864
[16:19:40] Usando writeAsVectorFormatV3
[16:19:40] ERRO AO SALVAR (2): Criação da fonte de dados falhou (erro OGR: C:\Users\LINES-COLAB\Desktop\Nova pasta\#LIXO217.shp is not a directory.)
[16:19:42] save_layer chamado → C:/Users/LINES-COLAB/Desktop/Nova pasta/#LIXO217.shp
[16:19:42] Driver: ESRI Shapefile
[16:19:42] CRS: EPSG:4326
[16:19:42] Features: 15864
[16:19:42] Usando writeAsVectorFormatV3
[16:19:42] Arquivo salvo com sucesso: C:\Users\LINES-COLAB\Desktop\Nova pasta\#LIXO217.shp
[16:19:56] save_layer chamado → C:/Users/LINES-COLAB/Desktop/Nova pasta/#LIXO217.shp
[16:19:56] Driver: ESRI Shapefile
[16:19:56] CRS: EPSG:4326
[16:19:56] Features: 15864
[16:19:56] Usando writeAsVectorFormatV3
[16:19:56] ERRO AO SALVAR (2): Criação da fonte de dados falhou (erro OGR: C:\Users\LINES-COLAB\Desktop\Nova pasta\#LIXO217.shp is not a directory.)
[16:20:02] save_layer chamado → C:/Users/LINES-COLAB/Desktop/Nova pasta/#LIXO217.shp
[16:20:02] Driver: ESRI Shapefile
[16:20:02] CRS: EPSG:4326
[16:20:02] Features: 15864
[16:20:02] Usando writeAsVectorFormatV3
[16:20:02] Arquivo salvo com sucesso: C:\Users\LINES-COLAB\Desktop\Nova pasta\#LIXO217.shp
[16:20:13] save_layer chamado → C:/Users/LINES-COLAB/Desktop/Nova pasta/#LIXO217.shp
[16:20:13] Driver: ESRI Shapefile
[16:20:13] CRS: EPSG:4326
[16:20:13] Features: 15864
[16:20:13] Usando writeAsVectorFormatV3
[16:20:13] ERRO AO SALVAR (2): Criação da fonte de dados falhou (erro OGR: C:\Users\LINES-COLAB\Desktop\Nova pasta\#LIXO217.shp is not a directory.)
[16:21:23] save_layer chamado → C:/Users/LINES-COLAB/Desktop/Nova pasta/#LIXO217.shp
[16:21:23] Driver: ESRI Shapefile
[16:21:23] CRS: EPSG:4326
[16:21:23] Features: 15864
[16:21:23] Usando writeAsVectorFormatV3
[16:21:23] Arquivo salvo com sucesso: C:\Users\LINES-COLAB\Desktop\Nova pasta\#LIXO217.shp
[16:21:26] save_layer chamado → C:/Users/LINES-COLAB/Desktop/Nova pasta/#LIXO217.shp
[16:21:26] Driver: ESRI Shapefile
[16:21:26] CRS: EPSG:4326
[16:21:26] Features: 15864
[16:21:26] Usando writeAsVectorFormatV3
[16:21:26] Arquivo salvo com sucesso: C:\Users\LINES-COLAB\Desktop\Nova pasta\#LIXO217.shp
[16:21:29] save_layer chamado → C:/Users/LINES-COLAB/Desktop/Nova pasta/#LIXO217.shp
[16:21:29] Driver: ESRI Shapefile
[16:21:29] CRS: EPSG:4326
[16:21:29] Features: 15864
[16:21:29] Usando writeAsVectorFormatV3
[16:21:29] Arquivo salvo com sucesso: C:\Users\LINES-COLAB\Desktop\Nova pasta\#LIXO217.shp
[16:21:32] save_layer chamado → C:/Users/LINES-COLAB/Desktop/Nova pasta/#LIXO217.shp
[16:21:32] Driver: ESRI Shapefile
[16:21:32] CRS: EPSG:4326
[16:21:32] Features: 15864
[16:21:32] Usando writeAsVectorFormatV3
[16:21:32] Arquivo salvo com sucesso: C:\Users\LINES-COLAB\Desktop\Nova pasta\#LIXO217.shp
[16:21:36] save_layer chamado → C:/Users/LINES-COLAB/Desktop/Nova pasta/#LIXO217.shp
[16:21:36] Driver: ESRI Shapefile
[16:21:36] CRS: EPSG:4326
[16:21:36] Features: 15864
[16:21:36] Usando writeAsVectorFormatV3
[16:21:37] Arquivo salvo com sucesso: C:\Users\LINES-COLAB\Desktop\Nova pasta\#LIXO217.shp
[16:22:07] save_layer chamado → C:/Users/LINES-COLAB/Desktop/Nova pasta/#LIXO217.shp
[16:22:07] Driver: ESRI Shapefile
[16:22:07] CRS: EPSG:4326
[16:22:07] Features: 15864
[16:22:07] Usando writeAsVectorFormatV3
[16:22:07] Arquivo salvo com sucesso: C:\Users\LINES-COLAB\Desktop\Nova pasta\#LIXO217.shp
[16:22:10] save_layer chamado → C:/Users/LINES-COLAB/Desktop/Nova pasta/#LIXO217.shp
[16:22:10] Driver: ESRI Shapefile
[16:22:10] CRS: EPSG:4326
[16:22:10] Features: 15864
[16:22:10] Usando writeAsVectorFormatV3
[16:22:10] ERRO AO SALVAR (2): Criação da fonte de dados falhou (erro OGR: C:\Users\LINES-COLAB\Desktop\Nova pasta\#LIXO217.shp is not a directory.)
[16:23:25] save_layer chamado → C:/Users/LINES-COLAB/Desktop/Nova pasta/#LIXO217.shp
[16:23:25] Driver: ESRI Shapefile
[16:23:25] CRS: EPSG:4326
[16:23:25] Features: 15864
[16:23:25] Usando writeAsVectorFormatV3
[16:23:25] Arquivo salvo com sucesso: C:\Users\LINES-COLAB\Desktop\Nova pasta\#LIXO217.shp
[16:23:35] save_layer chamado → C:/Users/LINES-COLAB/Desktop/Nova pasta/#LIXO217.shp
[16:23:35] Driver: ESRI Shapefile
[16:23:35] CRS: EPSG:4326
[16:23:35] Features: 15864
[16:23:35] Usando writeAsVectorFormatV3
[16:23:35] ERRO AO SALVAR (2): Criação da fonte de dados falhou (erro OGR: C:\Users\LINES-COLAB\Desktop\Nova pasta\#LIXO217.shp is not a directory.)
[16:27:02] save_layer chamado → C:/Users/LINES-COLAB/Desktop/Nova pasta/#LIXO217.shp. Decision: None. Layer valid: True. 
[16:27:02] Driver: ESRI Shapefile
[16:27:02] CRS: EPSG:4326
[16:27:02] Features: 15864
[16:27:02] Usando writeAsVectorFormatV3
[16:27:02] Arquivo salvo com sucesso: C:\Users\LINES-COLAB\Desktop\Nova pasta\#LIXO217.shp
[16:27:05] save_layer chamado → C:/Users/LINES-COLAB/Desktop/Nova pasta/#LIXO217.shp. Decision: None. Layer valid: True. 
[16:27:05] Driver: ESRI Shapefile
[16:27:05] CRS: EPSG:4326
[16:27:05] Features: 15864
[16:27:05] Usando writeAsVectorFormatV3
[16:27:05] ERRO AO SALVAR (2): Criação da fonte de dados falhou (erro OGR: C:\Users\LINES-COLAB\Desktop\Nova pasta\#LIXO217.shp is not a directory.)
[16:27:07] save_layer chamado → C:/Users/LINES-COLAB/Desktop/Nova pasta/#LIXO217.shp. Decision: None. Layer valid: True. 
[16:27:07] Driver: ESRI Shapefile
[16:27:07] CRS: EPSG:4326
[16:27:07] Features: 15864
[16:27:07] Usando writeAsVectorFormatV3
[16:27:08] Arquivo salvo com sucesso: C:\Users\LINES-COLAB\Desktop\Nova pasta\#LIXO217.shp
[16:27:10] save_layer chamado → C:/Users/LINES-COLAB/Desktop/Nova pasta/#LIXO217.shp. Decision: None. Layer valid: True. 
[16:27:10] Driver: ESRI Shapefile
[16:27:10] CRS: EPSG:4326
[16:27:10] Features: 15864
[16:27:10] Usando writeAsVectorFormatV3
[16:27:10] ERRO AO SALVAR (2): Criação da fonte de dados falhou (erro OGR: C:\Users\LINES-COLAB\Desktop\Nova pasta\#LIXO217.shp is not a directory.)
[16:28:16] save_layer chamado → C:/Users/LINES-COLAB/Desktop/Nova pasta/#LIXO217.shp. Decision: overwrite. Layer valid: True. 
[16:28:16] Driver: ESRI Shapefile
[16:28:16] CRS: EPSG:4326
[16:28:16] Features: 15864
[16:28:16] Usando writeAsVectorFormatV3
[16:28:17] Arquivo salvo com sucesso: C:\Users\LINES-COLAB\Desktop\Nova pasta\#LIXO217.shp
[16:28:19] save_layer chamado → C:/Users/LINES-COLAB/Desktop/Nova pasta/#LIXO217.shp. Decision: overwrite. Layer valid: True. 
[16:28:19] Driver: ESRI Shapefile
[16:28:19] CRS: EPSG:4326
[16:28:19] Features: 15864
[16:28:19] Usando writeAsVectorFormatV3
[16:28:19] ERRO AO SALVAR (2): Criação da fonte de dados falhou (erro OGR: C:\Users\LINES-COLAB\Desktop\Nova pasta\#LIXO217.shp is not a directory.)
[16:28:42] save_layer chamado → C:/Users/LINES-COLAB/Desktop/Nova pasta/#LIXO217.shp. Decision: rename. Layer valid: True. 
[16:28:42] Arquivo existe. Renomeado para: #LIXO217_1.shp
[16:28:42] Driver: ESRI Shapefile
[16:28:42] CRS: EPSG:4326
[16:28:42] Features: 15864
[16:28:42] Usando writeAsVectorFormatV3
[16:28:42] Arquivo salvo com sucesso: C:\Users\LINES-COLAB\Desktop\Nova pasta\#LIXO217_1.shp
[16:32:18] save_layer chamado → C:/Users/LINES-COLAB/Desktop/Nova pasta/#LIXO217.kml. Decision: None. Layer valid: True. 
[16:32:18] Driver: KML
[16:32:18] CRS: EPSG:4326
[16:32:18] Features: 15864
[16:32:18] Usando writeAsVectorFormatV3
[16:32:19] Arquivo salvo com sucesso: C:\Users\LINES-COLAB\Desktop\Nova pasta\#LIXO217.kml
[16:32:23] save_layer chamado → C:/Users/LINES-COLAB/Desktop/Nova pasta/#LIXO217.kml. Decision: overwrite. Layer valid: True. 
[16:32:23] Driver: KML
[16:32:23] CRS: EPSG:4326
[16:32:23] Features: 15864
[16:32:23] Usando writeAsVectorFormatV3
[16:32:23] Arquivo salvo com sucesso: C:\Users\LINES-COLAB\Desktop\Nova pasta\#LIXO217.kml
[16:32:26] save_layer chamado → C:/Users/LINES-COLAB/Desktop/Nova pasta/#LIXO217.kml. Decision: rename. Layer valid: True. 
[16:32:26] Arquivo existe. Renomeado para: #LIXO217_1.kml
[16:32:26] Driver: KML
[16:32:26] CRS: EPSG:4326
[16:32:26] Features: 15864
[16:32:26] Usando writeAsVectorFormatV3
[16:32:26] Arquivo salvo com sucesso: C:\Users\LINES-COLAB\Desktop\Nova pasta\#LIXO217_1.kml
