[18:29:13] save_layer chamado → C:/Users/LINES-COLAB/Desktop/Nova pasta/LIXO8.csv
[18:29:13] Extensão não suportada: .csv
[18:30:02] save_layer chamado → C:/Users/LINES-COLAB/Desktop/Nova pasta/tra.kml
[18:30:02] Driver: KML
[18:30:02] CRS: EPSG:4326
[18:30:02] Features: 873
[18:30:02] Chamando writeAsVectorFormatV3
[18:30:02] Arquivo salvo com sucesso: C:/Users/LINES-COLAB/Desktop/Nova pasta/tra.kml
[18:30:02] Layer carregado com sucesso
[18:30:06] save_layer chamado → C:/Users/LINES-COLAB/Desktop/Nova pasta/tra.kml
[18:30:06] Driver: KML
[18:30:06] CRS: EPSG:4326
[18:30:06] Features: 873
[18:30:06] Chamando writeAsVectorFormatV3
[18:30:06] Arquivo salvo com sucesso: C:/Users/LINES-COLAB/Desktop/Nova pasta/tra.kml
[18:30:06] Layer carregado com sucesso
[18:31:21] save_layer chamado → C:/Users/LINES-COLAB/Desktop/Nova pasta/ga.shp
[18:31:21] Driver: ESRI Shapefile
[18:31:21] CRS: EPSG:4326
[18:31:21] Features: 873
[18:31:21] Chamando writeAsVectorFormatV3
[18:31:21] Arquivo salvo com sucesso: C:/Users/LINES-COLAB/Desktop/Nova pasta/ga.shp
[18:31:22] Layer carregado com sucesso
[18:31:24] save_layer chamado → C:/Users/LINES-COLAB/Desktop/Nova pasta/ga.shp
[18:31:24] Driver: ESRI Shapefile
[18:31:24] CRS: EPSG:4326
[18:31:24] Features: 873
[18:31:24] Chamando writeAsVectorFormatV3
[18:31:24] ERRO AO SALVAR (2): Criação da fonte de dados falhou (erro OGR: C:/Users/LINES-COLAB/Desktop/Nova pasta/ga.shp is not a directory.)
[18:31:25] save_layer chamado → C:/Users/LINES-COLAB/Desktop/Nova pasta/ga.shp
[18:31:25] Driver: ESRI Shapefile
[18:31:25] CRS: EPSG:4326
[18:31:25] Features: 873
[18:31:25] Chamando writeAsVectorFormatV3
[18:31:25] ERRO AO SALVAR (2): Criação da fonte de dados falhou (erro OGR: C:/Users/LINES-COLAB/Desktop/Nova pasta/ga.shp is not a directory.)
[21:43:19] save_layer chamado → C:/Users/marti/Documents/#TeraBox Upload/#PROJETOS/A - QGIS PROJECTS/NIVALDO/7ha.kml
[21:43:19] Driver: KML
[21:43:19] CRS: EPSG:4326
[21:43:19] Features: 1
[21:43:19] Chamando writeAsVectorFormatV3
[21:43:21] save_layer chamado → C:/Users/marti/Documents/#TeraBox Upload/#PROJETOS/A - QGIS PROJECTS/NIVALDO/7ha.kml
[21:43:21] Driver: KML
[21:43:21] CRS: EPSG:4326
[21:43:21] Features: 1
[21:43:21] Chamando writeAsVectorFormatV3
[21:43:23] save_layer chamado → C:/Users/marti/Documents/#TeraBox Upload/#PROJETOS/A - QGIS PROJECTS/NIVALDO/7ha.kml
[21:43:23] Driver: KML
[21:43:23] CRS: EPSG:4326
[21:43:23] Features: 1
[21:43:23] Chamando writeAsVectorFormatV3
[21:43:23] save_layer chamado → C:/Users/marti/Documents/#TeraBox Upload/#PROJETOS/A - QGIS PROJECTS/NIVALDO/7ha.kml
[21:43:23] Driver: KML
[21:43:23] CRS: EPSG:4326
[21:43:23] Features: 1
[21:43:23] Chamando writeAsVectorFormatV3
[21:43:24] save_layer chamado → C:/Users/marti/Documents/#TeraBox Upload/#PROJETOS/A - QGIS PROJECTS/NIVALDO/7ha.kml
[21:43:24] Driver: KML
[21:43:24] CRS: EPSG:4326
[21:43:24] Features: 1
[21:43:24] Chamando writeAsVectorFormatV3
[21:44:29] save_layer chamado → C:/Users/marti/Documents/#TeraBox Upload/#PROJETOS/A - QGIS PROJECTS/NIVALDO/7ha.kml
[21:44:29] Driver: KML
[21:44:29] CRS: EPSG:4326
[21:44:29] Features: 1
[21:44:29] Chamando writeAsVectorFormatV3
[21:44:33] save_layer chamado → C:/Users/marti/Documents/#TeraBox Upload/#PROJETOS/A - QGIS PROJECTS/NIVALDO/7ha.kml
[21:44:33] Driver: KML
[21:44:33] CRS: EPSG:4326
[21:44:33] Features: 1
[21:44:33] Chamando writeAsVectorFormatV3
[21:47:00] save_layer chamado → C:/Users/marti/Documents/#TeraBox Upload/#PROJETOS/A - QGIS PROJECTS/NIVALDO/7ha.kml
[21:47:00] Driver: KML
[21:47:00] CRS: EPSG:4326
[21:47:00] Features: 0
[21:47:00] Usando writeAsVectorFormatV2
[21:47:00] Arquivo salvo com sucesso: C:\Users\marti\Documents\#TeraBox Upload\#PROJETOS\A - QGIS PROJECTS\NIVALDO\7ha.kml
[21:47:00] Layer carregado com sucesso
[21:47:16] save_layer chamado → C:/Users/marti/Documents/#TeraBox Upload/#PROJETOS/A - QGIS PROJECTS/NIVALDO/7ha.kml
[21:47:16] Arquivo existe. Overwrite solicitado
[21:47:16] Driver: KML
[21:47:16] CRS: EPSG:4326
[21:47:16] Features: 0
[21:47:16] Usando writeAsVectorFormatV2
[21:47:16] Arquivo salvo com sucesso: C:\Users\marti\Documents\#TeraBox Upload\#PROJETOS\A - QGIS PROJECTS\NIVALDO\7ha.kml
[21:47:16] Layer carregado com sucesso
[21:51:45] save_layer chamado → C:/Users/marti/Documents/#TeraBox Upload/#PROJETOS/A - QGIS PROJECTS/NIVALDO/7ha.kml
[21:51:45] Arquivo existe. Overwrite solicitado
[21:51:45] Driver: KML
[21:51:45] CRS: EPSG:4326
[21:51:45] Features: 0
[21:51:45] Usando writeAsVectorFormatV2
[21:51:45] Arquivo salvo com sucesso: C:\Users\marti\Documents\#TeraBox Upload\#PROJETOS\A - QGIS PROJECTS\NIVALDO\7ha.kml
[21:51:45] Layer carregado com sucesso
[21:56:17] save_layer chamado → C:/Users/marti/Documents/#TeraBox Upload/#PROJETOS/A - QGIS PROJECTS/NIVALDO/7ha.kml
[21:56:17] Arquivo existe. Overwrite solicitado
[21:56:17] Driver: KML
[21:56:17] CRS: EPSG:4326
[21:56:17] Features: 0
[21:56:17] Usando writeAsVectorFormatV2
[21:56:17] Arquivo salvo com sucesso: C:\Users\marti\Documents\#TeraBox Upload\#PROJETOS\A - QGIS PROJECTS\NIVALDO\7ha.kml
[21:56:17] Layer carregado com sucesso
[21:56:32] save_layer chamado → C:/Users/marti/Documents/#TeraBox Upload/#PROJETOS/A - QGIS PROJECTS/NIVALDO/7ha.kml
[21:56:32] Arquivo existe. Overwrite solicitado
[21:56:32] Driver: KML
[21:56:32] CRS: EPSG:4326
[21:56:32] Features: 0
[21:56:32] Usando writeAsVectorFormatV2
[21:56:32] Arquivo salvo com sucesso: C:\Users\marti\Documents\#TeraBox Upload\#PROJETOS\A - QGIS PROJECTS\NIVALDO\7ha.kml
[21:56:32] Layer carregado com sucesso
[21:56:50] save_layer chamado → C:/Users/marti/Documents/#TeraBox Upload/#PROJETOS/A - QGIS PROJECTS/NIVALDO/7ha.kml
[21:56:50] Arquivo existe. Overwrite solicitado
[21:56:50] Driver: KML
[21:56:50] CRS: EPSG:4326
[21:56:50] Features: 1
[21:56:50] Usando writeAsVectorFormatV2
[21:56:50] Arquivo salvo com sucesso: C:\Users\marti\Documents\#TeraBox Upload\#PROJETOS\A - QGIS PROJECTS\NIVALDO\7ha.kml
[21:56:50] Layer carregado com sucesso
[21:57:09] save_layer chamado → C:/Users/marti/Documents/#TeraBox Upload/#PROJETOS/A - QGIS PROJECTS/NIVALDO/7ha.shp
[21:57:09] Driver: ESRI Shapefile
[21:57:09] CRS: EPSG:4326
[21:57:09] Features: 1
[21:57:09] Usando writeAsVectorFormatV2
[21:57:09] Arquivo salvo com sucesso: C:\Users\marti\Documents\#TeraBox Upload\#PROJETOS\A - QGIS PROJECTS\NIVALDO\7ha.shp
[21:57:09] Layer carregado com sucesso
[21:57:24] save_layer chamado → C:/Users/marti/Documents/#TeraBox Upload/#PROJETOS/A - QGIS PROJECTS/NIVALDO/7ha.shp
[21:57:24] Arquivo existe. Overwrite solicitado
[21:57:24] Erro ao remover dataset existente: [WinError 32] O arquivo já está sendo usado por outro processo: 'C:\\Users\\marti\\Documents\\#TeraBox Upload\\#PROJETOS\\A - QGIS PROJECTS\\NIVALDO\\7ha.shp'
[21:57:32] save_layer chamado → C:/Users/marti/Documents/#TeraBox Upload/#PROJETOS/A - QGIS PROJECTS/NIVALDO/7ha.shp
[21:57:32] Arquivo existe. Overwrite solicitado
[21:57:32] Driver: ESRI Shapefile
[21:57:32] CRS: EPSG:4326
[21:57:32] Features: 1
[21:57:32] Usando writeAsVectorFormatV2
[21:57:32] Arquivo salvo com sucesso: C:\Users\marti\Documents\#TeraBox Upload\#PROJETOS\A - QGIS PROJECTS\NIVALDO\7ha.shp
[21:57:32] Layer carregado com sucesso
[21:57:55] save_layer chamado → C:/Users/marti/Documents/#TeraBox Upload/#PROJETOS/A - QGIS PROJECTS/NIVALDO/7ha.gpkg
[21:57:55] Driver: GPKG
[21:57:55] CRS: EPSG:4326
[21:57:55] Features: 1
[21:57:55] Usando writeAsVectorFormatV2
[21:57:55] Arquivo salvo com sucesso: C:\Users\marti\Documents\#TeraBox Upload\#PROJETOS\A - QGIS PROJECTS\NIVALDO\7ha.gpkg
[21:57:56] Layer carregado com sucesso
[21:58:21] save_layer chamado → C:/Users/marti/Documents/#TeraBox Upload/#PROJETOS/A - QGIS PROJECTS/NIVALDO/7ha.geojson
[21:58:21] Driver: GeoJSON
[21:58:21] CRS: EPSG:4326
[21:58:21] Features: 1
[21:58:21] Usando writeAsVectorFormatV2
[21:58:21] Arquivo salvo com sucesso: C:\Users\marti\Documents\#TeraBox Upload\#PROJETOS\A - QGIS PROJECTS\NIVALDO\7ha.geojson
[21:58:21] Layer carregado com sucesso
[21:58:31] save_layer chamado → C:/Users/marti/Documents/#TeraBox Upload/#PROJETOS/A - QGIS PROJECTS/NIVALDO/7ha.csv
[21:58:31] Extensão não suportada: .csv
[21:58:33] save_layer chamado → C:/Users/marti/Documents/#TeraBox Upload/#PROJETOS/A - QGIS PROJECTS/NIVALDO/7ha.csv
[21:58:33] Extensão não suportada: .csv
[22:34:02] save_layer chamado → C:/Users/marti/Documents/#TeraBox Upload/#PROJETOS/A - QGIS PROJECTS/NIVALDO/7ha.geojson
[22:34:02] Arquivo existe. Overwrite solicitado
[22:34:02] Driver: GeoJSON
[22:34:02] CRS: EPSG:4326
[22:34:02] Features: 4
[22:34:02] Usando writeAsVectorFormatV2
[22:34:02] Arquivo salvo com sucesso: C:\Users\marti\Documents\#TeraBox Upload\#PROJETOS\A - QGIS PROJECTS\NIVALDO\7ha.geojson
[22:34:02] Layer carregado com sucesso
[22:34:17] save_layer chamado → C:/Users/marti/Documents/#TeraBox Upload/#PROJETOS/A - QGIS PROJECTS/NIVALDO/7ha.geojson
[22:34:17] Arquivo existe. Overwrite solicitado
[22:34:17] Erro ao remover dataset existente: [WinError 32] O arquivo já está sendo usado por outro processo: 'C:\\Users\\marti\\Documents\\#TeraBox Upload\\#PROJETOS\\A - QGIS PROJECTS\\NIVALDO\\7ha.geojson'
[22:34:23] save_layer chamado → C:/Users/marti/Documents/#TeraBox Upload/#PROJETOS/A - QGIS PROJECTS/NIVALDO/7ha.geojson
[22:34:23] Arquivo existe. Overwrite solicitado
[22:34:23] Driver: GeoJSON
[22:34:23] CRS: EPSG:4326
[22:34:23] Features: 4
[22:34:23] Usando writeAsVectorFormatV2
[22:34:23] Arquivo salvo com sucesso: C:\Users\marti\Documents\#TeraBox Upload\#PROJETOS\A - QGIS PROJECTS\NIVALDO\7ha.geojson
[22:34:23] Layer carregado com sucesso
